[informationsProtocole]
nomProtocole=Chimie du Pb
auteur=Jonathan PRUNIER
date=14/12/2011
cheminFichierColonne=conf/columns/Colonne Pb.cln
commentaires=Extraction du Pb selon le protocole mis au point par Mathieu Benoît (DTP) avec une double résine (CG71C et Sr-Spec).

[1]
acide=HF 0.5 N
numeroEv=6
volume=2.5
temps=1520
pause?=0

[2]
acide=HNO3 3 N
numeroEv=4
volume=2.5
temps=1520
pause?=0

[3]
acide=HNO3 0.05 N
numeroEv=2
volume=2.5
temps=1520
pause?=0

[4]
acide=HCl 6 N
numeroEv=3
volume=5
temps=3020
pause?=0

[5]
acide=HNO3 0.5 N
numeroEv=5
volume=1
temps=700
pause?=1

[6]
acide=HNO3 3 N
numeroEv=4
volume=3
temps=2000
pause?=0

[7]
acide=HNO3 0.05 N
numeroEv=2
volume=2
temps=1680
pause?=1

[8]
acide=HCl 6 N
numeroEv=3
volume=4
temps=2000
pause?=0

