[informationsProtocole]
nomProtocole=Cu_v1
auteur=Henry Manuel
date=19/03/2019
cheminFichierColonne=conf/columns/Cu_Fe_Zn_column.cln
commentaires=Chimie "maison" SB GET v1 : récupération du Cu seulement

[1]
acide=H2O MQ
numeroEv=1
volume=3
temps=1000
pause?=0

[2]
acide=HCl 9N
numeroEv=2
volume=3
temps=1500
pause?=1

[3]
acide=HCl 9N
numeroEv=2
volume=2.5
temps=1500
pause?=0

[4]
acide=HCl 9N
numeroEv=2
volume=2.5
temps=1500
pause?=1

[5]
acide=HCl 9N
numeroEv=2
volume=2.25
temps=1500
pause?=0

[6]
acide=HCl 9N
numeroEv=2
volume=2.25
temps=1500
pause?=0

