display 'starting the session'
display 'starting sequence 1: 1.0 mL of HCl 6N (3) waiting 20s'
display 'preparing the extraction'
display 'indexing the arm above the column'
display 'moving the carousel to the trash position'
display 'rincing with H20'
display 'rincing with eluent from valve 3'
display 'processing column 1'
display 'carousel is moving to position 1'
display 'arm is moving'
display 'pump is withdrawing'
display 'refilling the pump with 3.0 mL from valve 3'
display 'pump is infusing'
display 'column 1 is completed'
display 'processing column 2'
display 'carousel is moving to position 2'
display 'arm is moving'
display 'pump is infusing'
display 'column 2 is completed'
display 'processing column 3'
display 'carousel is moving to position 3'
display 'arm is moving'
display 'pump is infusing'
display 'column 3 is completed'
display 'moving the carousel to the trash position'
display 'preparing the pump for the next sequence'
display 'rincing with H20'
display 'rincing with eluent from valve 2'
display 'refilling the pump with 6.0 mL from valve 2'
display 'sequence 1 is completed'
display 'starting sequence 2: 2.0 mL of HNO3 0,05N (2) waiting 20s'
display 'processing column 1'
display 'carousel is moving to position 1'
display 'arm is moving'
display 'pump is infusing'
display 'column 1 is completed'
display 'processing column 2'
display 'carousel is moving to position 2'
display 'arm is moving'
display 'pump is infusing'
display 'column 2 is completed'
display 'processing column 3'
display 'carousel is moving to position 3'
display 'arm is moving'
display 'pump is infusing'
display 'column 3 is completed'
display 'moving the carousel to the trash position'
display 'preparing the pump for the next sequence'
display 'rincing with H20'
display 'rincing with eluent from valve 4'
display 'refilling the pump with 1.5 mL from valve 4'
display 'sequence 2 is completed'
display 'starting sequence 3: 0.5 mL of HNO3 2N (4) waiting 20s (with pause)'
display 'processing column 1'
display 'carousel is moving to position 1'
display 'arm is moving'
display 'pump is infusing'
display 'column 1 is completed'
display 'processing column 2'
display 'carousel is moving to position 2'
display 'arm is moving'
display 'pump is infusing'
display 'column 2 is completed'
display 'processing column 3'
display 'carousel is moving to position 3'
display 'arm is moving'
display 'pump is infusing'
display 'column 3 is completed'
display 'moving the carousel to the trash position'
display 'preparing the pump for the next sequence'
display 'refilling the pump with 0.6 mL from valve 4'
display 'waiting 13 seconds until the column processing is done'
display 'wait done'
display 'sequence 3 is completed'
display 'waiting for the operator'
display 'pausing'
display 'operations are paused'
display 'resuming'
display 'resuming done'
display 'resuming by the operator'
display 'starting sequence 4: 0.2 mL of HNO3 2N (4) waiting 20s'
display 'processing column 1'
display 'carousel is moving to position 1'
display 'arm is moving'
display 'pump is infusing'
display 'column 1 is completed'
display 'processing column 2'
display 'carousel is moving to position 2'
display 'arm is moving'
display 'pump is infusing'
display 'column 2 is completed'
display 'processing column 3'
display 'carousel is moving to position 3'
display 'arm is moving'
display 'pump is infusing'
display 'column 3 is completed'
display 'moving the carousel to the trash position'
display 'preparing the pump for the next sequence'
display 'refilling the pump with 0.3 mL from valve 4'
display 'sequence 4 is completed'
display 'starting sequence 5: 0.1 mL of HNO3 2N (4) waiting 20s (with pause)'
display 'waiting 2 seconds until the column processing is done'
display 'wait done'
display 'processing column 1'
display 'carousel is moving to position 1'
display 'arm is moving'
display 'pump is infusing'
display 'column 1 is completed'
display 'processing column 2'
display 'carousel is moving to position 2'
display 'arm is moving'
display 'pump is infusing'
display 'column 2 is completed'
display 'processing column 3'
display 'carousel is moving to position 3'
display 'arm is moving'
display 'pump is infusing'
display 'column 3 is completed'
display 'moving the carousel to the trash position'
display 'preparing the pump for the next sequence'
display 'rincing with H20'
display 'rincing with eluent from valve 5'
display 'refilling the pump with 0.75 mL from valve 5'
display 'sequence 5 is completed'
display 'waiting for the operator'
display 'pausing'
display 'operations are paused'
display 'resuming'
display 'resuming done'
display 'resuming by the operator'
display 'starting sequence 6: 0.25 mL of HNO3 7N (5) waiting 20s'
display 'processing column 1'
display 'carousel is moving to position 1'
display 'arm is moving'
display 'pump is infusing'
display 'column 1 is completed'
display 'processing column 2'
display 'carousel is moving to position 2'
display 'arm is moving'
display 'pump is infusing'
display 'column 2 is completed'
display 'processing column 3'
display 'carousel is moving to position 3'
display 'arm is moving'
display 'pump is infusing'
display 'column 3 is completed'
display 'moving the carousel to the trash position'
display 'last sequence post operations'
display 'rincing with H20'
display 'waiting 9 seconds until the column processing is done'
display 'wait done'
display 'sequence 6 is completed'
display 'post session operations'
display 'the session is completed'
display 'reinitializing'
display 'reinitialization is done'
display 'closing the tool'
display 'starting the session'
display 'starting sequence 1: 1.0 mL of HCl 6N (3) waiting 1s'
display 'preparing the extraction'
display 'indexing the arm above the column'
display 'moving the carousel to the trash position'
display 'rincing with H20'
display 'rincing with eluent from valve 3'
display 'processing column 1'
display 'carousel is moving to position 1'
display 'arm is moving'
display 'pump is withdrawing'
display 'refilling the pump with 1.0 mL from valve 3'
display 'pump is infusing'
display 'column 1 is completed'
display 'moving the carousel to the trash position'
display 'preparing the pump for the next sequence'
display 'rincing with H20'
display 'rincing with eluent from valve 4'
display 'refilling the pump with 1.0 mL from valve 4'
display 'sequence 1 is completed'
display 'starting sequence 2: 1.0 mL of HNO3 2N (4) waiting 1s'
display 'processing column 1'
display 'carousel is moving to position 1'
display 'arm is moving'
display 'pump is infusing'
display 'column 1 is completed'
display 'moving the carousel to the trash position'
display 'preparing the pump for the next sequence'
display 'refilling the pump with 1.0 mL from valve 4'
display 'sequence 2 is completed'
display 'starting sequence 3: 1.0 mL of HNO3 2N (4) waiting 1s'
display 'processing column 1'
display 'carousel is moving to position 1'
display 'arm is moving'
display 'pump is infusing'
display 'column 1 is completed'
display 'moving the carousel to the trash position'
display 'last sequence post operations'
display 'rincing with H20'
display 'sequence 3 is completed'
display 'post session operations'
display 'the session is completed'
display 'reinitializing'
display 'reinitialization is done'
display 'closing the tool'
display 'starting the session'
display 'starting sequence 1: 1.0 mL of HNO3 2N (4) waiting 10s (with pause)'
display 'preparing the extraction'
display 'indexing the arm above the column'
display 'moving the carousel to the trash position'
display 'rincing with H20'
display 'rincing with eluent from valve 4'
display 'processing column 1'
display 'carousel is moving to position 1'
display 'arm is moving'
display 'pump is withdrawing'
display 'refilling the pump with 1.0 mL from valve 4'
display 'pump is infusing'
display 'column 1 is completed'
display 'moving the carousel to the trash position'
display 'preparing the pump for the next sequence'
display 'refilling the pump with 1.0 mL from valve 4'
display 'waiting 3 seconds until the column processing is done'
display 'wait done'
display 'sequence 1 is completed'
display 'waiting for the operator'
display 'pausing'
display 'operations are paused'
display 'resuming'
display 'resuming done'
display 'resuming by the operator'
display 'starting sequence 2: 1.0 mL of HNO3 2N (4) waiting 10s'
display 'processing column 1'
display 'carousel is moving to position 1'
display 'arm is moving'
display 'pump is infusing'
display 'column 1 is completed'
display 'moving the carousel to the trash position'
display 'preparing the pump for the next sequence'
display 'refilling the pump with 1.0 mL from valve 4'
display 'sequence 2 is completed'
display 'starting sequence 3: 1.0 mL of HNO3 2N (4) waiting 20s'
display 'waiting 3 seconds until the column processing is done'
display 'wait done'
display 'processing column 1'
display 'carousel is moving to position 1'
display 'arm is moving'
display 'pump is infusing'
display 'column 1 is completed'
display 'moving the carousel to the trash position'
display 'last sequence post operations'
display 'rincing with H20'
display 'waiting 9 seconds until the column processing is done'
display 'wait done'
display 'sequence 3 is completed'
display 'post session operations'
display 'the session is completed'
display 'reinitializing'
display 'reinitialization is done'
display 'closing the tool'
display 'starting the session'
display 'starting sequence 2: 1.0 mL of HNO3 2N (4) waiting 1s'
display 'preparing the extraction'
display 'indexing the arm above the column'
display 'moving the carousel to the trash position'
display 'rincing with H20'
display 'rincing with eluent from valve 4'
display 'processing column 1'
display 'carousel is moving to position 1'
display 'arm is moving'
display 'pump is withdrawing'
display 'refilling the pump with 1.0 mL from valve 4'
display 'pump is infusing'
display 'column 1 is completed'
display 'moving the carousel to the trash position'
display 'preparing the pump for the next sequence'
display 'rincing with H20'
display 'rincing with eluent from valve 5'
display 'refilling the pump with 1.0 mL from valve 5'
display 'sequence 2 is completed'
display 'starting sequence 3: 1.0 mL of HNO3 7N (5) waiting 1s'
display 'processing column 1'
display 'carousel is moving to position 1'
display 'arm is moving'
display 'pump is infusing'
display 'column 1 is completed'
display 'moving the carousel to the trash position'
display 'last sequence post operations'
display 'rincing with H20'
display 'sequence 3 is completed'
display 'post session operations'
display 'the session is completed'
display 'reinitializing'
display 'reinitialization is done'
display 'closing the tool'
display 'starting the session'
display 'starting sequence 1: 1.0 mL of HNO3 0,05N (2) waiting 1s'
display 'preparing the extraction'
display 'indexing the arm above the column'
display 'moving the carousel to the trash position'
display 'rincing with H20'
display 'rincing with eluent from valve 2'
display 'processing column 2'
display 'carousel is moving to position 2'
display 'arm is moving'
display 'pump is withdrawing'
display 'refilling the pump with 2.0 mL from valve 2'
display 'pump is infusing'
display 'column 2 is completed'
display 'processing column 3'
display 'carousel is moving to position 3'
display 'arm is moving'
display 'pump is infusing'
display 'column 3 is completed'
display 'moving the carousel to the trash position'
display 'preparing the pump for the next sequence'
display 'refilling the pump with 3.0 mL from valve 2'
display 'sequence 1 is completed'
display 'starting sequence 2: 1.0 mL of HNO3 0,05N (2) waiting 1s'
display 'processing column 1'
display 'carousel is moving to position 1'
display 'arm is moving'
display 'pump is infusing'
display 'column 1 is completed'
display 'processing column 2'
display 'carousel is moving to position 2'
display 'arm is moving'
display 'pump is infusing'
display 'column 2 is completed'
display 'processing column 3'
display 'carousel is moving to position 3'
display 'arm is moving'
display 'pump is infusing'
display 'column 3 is completed'
display 'moving the carousel to the trash position'
display 'last sequence post operations'
display 'rincing with H20'
display 'sequence 2 is completed'
display 'post session operations'
display 'the session is completed'
display 'reinitializing'
display 'reinitialization is done'
display 'closing the tool'
display 'starting the session'
display 'starting sequence 2: 1.0 mL of HNO3 2N (4) waiting 1s'
display 'preparing the extraction'
display 'indexing the arm above the column'
display 'moving the carousel to the trash position'
display 'rincing with H20'
display 'rincing with eluent from valve 4'
display 'processing column 2'
display 'carousel is moving to position 2'
display 'arm is moving'
display 'pump is withdrawing'
display 'refilling the pump with 2.0 mL from valve 4'
display 'pump is infusing'
display 'column 2 is completed'
display 'processing column 3'
display 'carousel is moving to position 3'
display 'arm is moving'
display 'pump is infusing'
display 'column 3 is completed'
display 'moving the carousel to the trash position'
display 'preparing the pump for the next sequence'
display 'rincing with H20'
display 'rincing with eluent from valve 5'
display 'refilling the pump with 3.0 mL from valve 5'
display 'sequence 2 is completed'
display 'starting sequence 3: 1.0 mL of HNO3 7N (5) waiting 1s'
display 'processing column 1'
display 'carousel is moving to position 1'
display 'arm is moving'
display 'pump is infusing'
display 'column 1 is completed'
display 'processing column 2'
display 'carousel is moving to position 2'
display 'arm is moving'
display 'pump is infusing'
display 'column 2 is completed'
display 'processing column 3'
display 'carousel is moving to position 3'
display 'arm is moving'
display 'pump is infusing'
display 'column 3 is completed'
display 'moving the carousel to the trash position'
display 'last sequence post operations'
display 'rincing with H20'
display 'sequence 3 is completed'
display 'post session operations'
display 'the session is completed'
display 'reinitializing'
display 'reinitialization is done'
display 'closing the tool'
display 'starting the session'
display 'starting sequence 1: 1.0 mL of HNO3 2N (4) waiting 1s (with pause)'
display 'preparing the extraction'
display 'indexing the arm above the column'
display 'moving the carousel to the trash position'
display 'rincing with H20'
display 'rincing with eluent from valve 4'
display 'processing column 1'
display 'carousel is moving to position 1'
display 'arm is moving'
display 'pump is withdrawing'
display 'refilling the pump with 1.0 mL from valve 4'
display 'pump is infusing'
display 'column 1 is completed'
display 'moving the carousel to the trash position'
display 'last sequence post operations'
display 'rincing with H20'
display 'sequence 1 is completed'
display 'waiting for the operator'
display 'pausing'
display 'operations are paused'
display 'turning the carousel to the right'
display 'resuming'
display 'resuming done'
display 'resuming by the operator'
display 'post session operations'
display 'the session is completed'
display 'reinitializing'
display 'reinitialization is done'
display 'closing the tool'
display 'starting the session'
display 'starting sequence 1: 1.0 mL of HNO3 2N (4) waiting 1s (with pause)'
display 'preparing the extraction'
display 'indexing the arm above the column'
display 'moving the carousel to the trash position'
display 'rincing with H20'
display 'rincing with eluent from valve 4'
display 'processing column 1'
display 'carousel is moving to position 1'
display 'arm is moving'
display 'pump is withdrawing'
display 'refilling the pump with 1.0 mL from valve 4'
display 'pump is infusing'
display 'column 1 is completed'
display 'moving the carousel to the trash position'
display 'last sequence post operations'
display 'rincing with H20'
display 'sequence 1 is completed'
display 'waiting for the operator'
display 'pausing'
display 'operations are paused'
display 'turning the carousel to the left'
display 'resuming'
display 'resuming done'
display 'resuming by the operator'
display 'post session operations'
display 'the session is completed'
display 'reinitializing'
display 'reinitialization is done'
display 'closing the tool'
display 'starting the session'
display 'starting sequence 1: 1.0 mL of HNO3 2N (4) waiting 15s'
display 'preparing the extraction'
display 'indexing the arm above the column'
display 'moving the carousel to the trash position'
display 'rincing with H20'
display 'rincing with eluent from valve 4'
display 'processing column 1'
display 'carousel is moving to position 1'
display 'arm is moving'
display 'pump is withdrawing'
display 'refilling the pump with 1.0 mL from valve 4'
display 'pump is infusing'
display 'column 1 is completed'
display 'moving the carousel to the trash position'
display 'last sequence post operations'
display 'rincing with H20'
display 'waiting 4 seconds until the column processing is done'
display 'waiting for pause'
display 'pausing'
display 'operations are paused'
display 'turning the carousel to the right'
display 'resuming'
display 'resuming done'
display 'wait done'
display 'sequence 1 is completed'
display 'post session operations'
display 'the session is completed'
display 'reinitializing'
display 'reinitialization is done'
display 'closing the tool'
display 'starting the session'
display 'starting sequence 1: 1.0 mL of HNO3 2N (4) waiting 15s'
display 'preparing the extraction'
display 'indexing the arm above the column'
display 'moving the carousel to the trash position'
display 'rincing with H20'
display 'rincing with eluent from valve 4'
display 'processing column 1'
display 'carousel is moving to position 1'
display 'arm is moving'
display 'pump is withdrawing'
display 'refilling the pump with 1.0 mL from valve 4'
display 'pump is infusing'
display 'column 1 is completed'
display 'moving the carousel to the trash position'
display 'last sequence post operations'
display 'rincing with H20'
display 'waiting 4 seconds until the column processing is done'
display 'waiting for pause'
display 'pausing'
display 'operations are paused'
display 'turning the carousel to the left'
display 'resuming'
display 'resuming done'
display 'wait done'
display 'sequence 1 is completed'
display 'post session operations'
display 'the session is completed'
display 'reinitializing'
display 'reinitialization is done'
display 'closing the tool'
display 'starting the session'
display 'starting sequence 1: 1.0 mL of HNO3 2N (4) waiting 15s'
display 'preparing the extraction'
display 'indexing the arm above the column'
display 'moving the carousel to the trash position'
display 'rincing with H20'
display 'rincing with eluent from valve 4'
display 'processing column 1'
display 'carousel is moving to position 1'
display 'waiting for pause'
display 'pausing'
display 'operations are paused'
display 'turning the carousel to the right'
display 'resuming'
display 'resuming done'
display 'arm is moving'
display 'pump is withdrawing'
display 'refilling the pump with 1.0 mL from valve 4'
display 'pump is infusing'
display 'column 1 is completed'
display 'moving the carousel to the trash position'
display 'last sequence post operations'
display 'rincing with H20'
display 'waiting 4 seconds until the column processing is done'
display 'wait done'
display 'sequence 1 is completed'
display 'post session operations'
display 'the session is completed'
display 'reinitializing'
display 'reinitialization is done'
display 'closing the tool'
display 'starting the session'
display 'starting sequence 1: 1.0 mL of HNO3 2N (4) waiting 15s'
display 'preparing the extraction'
display 'indexing the arm above the column'
display 'moving the carousel to the trash position'
display 'rincing with H20'
display 'rincing with eluent from valve 4'
display 'processing column 1'
display 'carousel is moving to position 1'
display 'waiting for pause'
display 'pausing'
display 'operations are paused'
display 'turning the carousel to the left'
display 'resuming'
display 'resuming done'
display 'arm is moving'
display 'pump is withdrawing'
display 'refilling the pump with 1.0 mL from valve 4'
display 'pump is infusing'
display 'column 1 is completed'
display 'moving the carousel to the trash position'
display 'last sequence post operations'
display 'rincing with H20'
display 'waiting 4 seconds until the column processing is done'
display 'wait done'
display 'sequence 1 is completed'
display 'post session operations'
display 'the session is completed'
display 'reinitializing'
display 'reinitialization is done'
display 'closing the tool'
display 'starting the session'
display 'starting sequence 1: 1.0 mL of HNO3 2N (4) waiting 15s'
display 'preparing the extraction'
display 'indexing the arm above the column'
display 'moving the carousel to the trash position'
display 'rincing with H20'
display 'rincing with eluent from valve 4'
display 'processing column 1'
display 'carousel is moving to position 1'
display 'arm is moving'
display 'pump is withdrawing'
display 'refilling the pump with 1.0 mL from valve 4'
display 'pump is infusing'
display 'column 1 is completed'
display 'moving the carousel to the trash position'
display 'preparing the pump for the next sequence'
display 'refilling the pump with 1.0 mL from valve 4'
display 'sequence 1 is completed'
display 'starting sequence 2: 1.0 mL of HNO3 2N (4) waiting 1s'
display 'waiting 8 seconds until the column processing is done'
display 'waiting for cancellation'
display 'canceling'
display 'cancellation is done'
display 'reinitializing'
display 'reinitialization is done'
display 'reinitializing'
display 'reinitialization is done'
display 'closing the tool'
display 'starting the session'
display 'starting sequence 1: 1.0 mL of HNO3 2N (4) waiting 15s'
display 'preparing the extraction'
display 'indexing the arm above the column'
display 'moving the carousel to the trash position'
display 'rincing with H20'
display 'rincing with eluent from valve 4'
display 'processing column 1'
display 'carousel is moving to position 1'
display 'arm is moving'
display 'pump is withdrawing'
display 'refilling the pump with 1.0 mL from valve 4'
display 'pump is infusing'
display 'column 1 is completed'
display 'moving the carousel to the trash position'
display 'preparing the pump for the next sequence'
display 'refilling the pump with 1.0 mL from valve 4'
display 'sequence 1 is completed'
display 'starting sequence 2: 1.0 mL of HNO3 2N (4) waiting 1s'
display 'waiting 8 seconds until the column processing is done'
display 'waiting for pause'
display 'pausing'
display 'operations are paused'
display 'resuming'
display 'resuming done'
display 'wait done'
display 'processing column 1'
display 'carousel is moving to position 1'
display 'arm is moving'
display 'pump is infusing'
display 'column 1 is completed'
display 'moving the carousel to the trash position'
display 'last sequence post operations'
display 'rincing with H20'
display 'sequence 2 is completed'
display 'post session operations'
display 'the session is completed'
display 'reinitializing'
display 'reinitialization is done'
display 'closing the tool'
