<init> - instanciating motor controller stub with 640 number of steps by carousel position
reset - command 'new'
singleLine - command 'singleline (1)'
movel - command 'movel(0, 1)'
where - command 'where (1)'
datum - command 'datum (1)'
movel - command 'movel(0, 1)'
where - command 'where (1)'
datum - command 'datum (1)'
move - command 'move(0, 0)'
close - stubbing close motor controller
<init> - instanciating motor controller stub with 640 number of steps by carousel position
reset - command 'new'
singleLine - command 'singleline (1)'
movel - command 'movel(0, 1)'
where - command 'where (1)'
datum - command 'datum (1)'
move - command 'move(0, -13000)'
datum - command 'datum (1)'
movel - command 'movel(0, 1)'
where - command 'where (1)'
datum - command 'datum (1)'
move - command 'move(0, 0)'
close - stubbing close motor controller
<init> - instanciating motor controller stub with 640 number of steps by carousel position
reset - command 'new'
singleLine - command 'singleline (1)'
movel - command 'movel(0, 1)'
where - command 'where (1)'
datum - command 'datum (1)'
move - command 'move(0, -8400)'
datum - command 'datum (1)'
movel - command 'movel(0, 1)'
where - command 'where (1)'
datum - command 'datum (1)'
move - command 'move(0, 0)'
close - stubbing close motor controller
<init> - instanciating motor controller stub with 640 number of steps by carousel position
reset - command 'new'
singleLine - command 'singleline (1)'
move - command 'move(0, 13334)'
datum - command 'datum (1)'
movel - command 'movel(0, 1)'
where - command 'where (1)'
datum - command 'datum (1)'
move - command 'move(0, 0)'
close - stubbing close motor controller
<init> - instanciating motor controller stub with 640 number of steps by carousel position
reset - command 'new'
singleLine - command 'singleline (1)'
move - command 'move(0, -13333)'
datum - command 'datum (1)'
movel - command 'movel(0, 1)'
where - command 'where (1)'
datum - command 'datum (1)'
move - command 'move(0, 0)'
close - stubbing close motor controller
<init> - instanciating motor controller stub with 640 number of steps by carousel position
reset - command 'new'
singleLine - command 'singleline (1)'
movel - command 'movel(0, 1)'
movel - command 'movel(0, 1)'
where - command 'where (1)'
datum - command 'datum (1)'
move - command 'move(0, 0)'
close - stubbing close motor controller
<init> - instanciating motor controller stub with 640 number of steps by carousel position
reset - command 'new'
singleLine - command 'singleline (1)'
movel - command 'movel(0, 1)'
where - command 'where (1)'
datum - command 'datum (1)'
move - command 'move(0, -13000)'
halt - command 'halt()'
movel - command 'movel(0, 1)'
where - command 'where (1)'
datum - command 'datum (1)'
move - command 'move(0, 0)'
close - stubbing close motor controller
<init> - instanciating motor controller stub with 640 number of steps by carousel position
reset - command 'new'
singleLine - command 'singleline (1)'
movel - command 'movel(0, 1)'
where - command 'where (1)'
datum - command 'datum (1)'
move - command 'move(0, -8400)'
halt - command 'halt()'
movel - command 'movel(0, 1)'
where - command 'where (1)'
datum - command 'datum (1)'
move - command 'move(0, 0)'
close - stubbing close motor controller
<init> - instanciating motor controller stub with 640 number of steps by carousel position
reset - command 'new'
singleLine - command 'singleline (1)'
move - command 'move(0, 13334)'
halt - command 'halt()'
movel - command 'movel(0, 1)'
where - command 'where (1)'
datum - command 'datum (1)'
move - command 'move(0, 0)'
close - stubbing close motor controller
<init> - instanciating motor controller stub with 640 number of steps by carousel position
reset - command 'new'
singleLine - command 'singleline (1)'
move - command 'move(0, -13333)'
halt - command 'halt()'
movel - command 'movel(0, 1)'
where - command 'where (1)'
datum - command 'datum (1)'
move - command 'move(0, 0)'
close - stubbing close motor controller
<init> - instanciating motor controller stub with 640 number of steps by carousel position
reset - command 'new'
singleLine - command 'singleline (1)'
movel - command 'movel(0, 1)'
movel - command 'movel(0, 1)'
where - command 'where (1)'
datum - command 'datum (1)'
movel - command 'movel(0, 1)'
where - command 'where (1)'
datum - command 'datum (1)'
move - command 'move(0, 0)'
close - stubbing close motor controller
<init> - instanciating motor controller stub with 640 number of steps by carousel position
reset - command 'new'
singleLine - command 'singleline (1)'
movel - command 'movel(0, 1)'
where - command 'where (1)'
datum - command 'datum (1)'
move - command 'move(0, -13000)'
halt - command 'halt()'
move - command 'move(0, -13000)'
datum - command 'datum (1)'
movel - command 'movel(0, 1)'
where - command 'where (1)'
datum - command 'datum (1)'
move - command 'move(0, 0)'
close - stubbing close motor controller
<init> - instanciating motor controller stub with 640 number of steps by carousel position
reset - command 'new'
singleLine - command 'singleline (1)'
movel - command 'movel(0, 1)'
where - command 'where (1)'
datum - command 'datum (1)'
move - command 'move(0, -8400)'
halt - command 'halt()'
move - command 'move(0, -8400)'
datum - command 'datum (1)'
movel - command 'movel(0, 1)'
where - command 'where (1)'
datum - command 'datum (1)'
move - command 'move(0, 0)'
close - stubbing close motor controller
<init> - instanciating motor controller stub with 640 number of steps by carousel position
reset - command 'new'
singleLine - command 'singleline (1)'
move - command 'move(0, 13334)'
halt - command 'halt()'
move - command 'move(0, 13334)'
datum - command 'datum (1)'
movel - command 'movel(0, 1)'
where - command 'where (1)'
datum - command 'datum (1)'
move - command 'move(0, 0)'
close - stubbing close motor controller
<init> - instanciating motor controller stub with 640 number of steps by carousel position
reset - command 'new'
singleLine - command 'singleline (1)'
move - command 'move(0, -13333)'
halt - command 'halt()'
move - command 'move(0, -13333)'
datum - command 'datum (1)'
movel - command 'movel(0, 1)'
where - command 'where (1)'
datum - command 'datum (1)'
move - command 'move(0, 0)'
close - stubbing close motor controller
<init> - instanciating motor controller stub with 640 number of steps by carousel position
reset - command 'new'
singleLine - command 'singleline (1)'
movel - command 'movel(0, 1)'
where - command 'where (1)'
move - command 'move(3840, 0)'
movel - command 'movel(0, 1)'
where - command 'where (1)'
datum - command 'datum (1)'
move - command 'move(0, 0)'
close - stubbing close motor controller
<init> - instanciating motor controller stub with 640 number of steps by carousel position
reset - command 'new'
singleLine - command 'singleline (1)'
movel - command 'movel(0, 1)'
where - command 'where (1)'
move - command 'move(-3840, 0)'
movel - command 'movel(0, 1)'
where - command 'where (1)'
datum - command 'datum (1)'
move - command 'move(0, 0)'
close - stubbing close motor controller
<init> - instanciating motor controller stub with 640 number of steps by carousel position
reset - command 'new'
singleLine - command 'singleline (1)'
move - command 'move(6400, 0)'
movel - command 'movel(0, 1)'
where - command 'where (1)'
datum - command 'datum (1)'
move - command 'move(0, 0)'
close - stubbing close motor controller
<init> - instanciating motor controller stub with 640 number of steps by carousel position
reset - command 'new'
singleLine - command 'singleline (1)'
movel - command 'movel(0, 1)'
where - command 'where (1)'
move - command 'move(3840, 0)'
halt - command 'halt()'
movel - command 'movel(0, 1)'
where - command 'where (1)'
datum - command 'datum (1)'
move - command 'move(0, 0)'
close - stubbing close motor controller
<init> - instanciating motor controller stub with 640 number of steps by carousel position
reset - command 'new'
singleLine - command 'singleline (1)'
movel - command 'movel(0, 1)'
where - command 'where (1)'
move - command 'move(-3840, 0)'
halt - command 'halt()'
movel - command 'movel(0, 1)'
where - command 'where (1)'
datum - command 'datum (1)'
move - command 'move(0, 0)'
close - stubbing close motor controller
<init> - instanciating motor controller stub with 640 number of steps by carousel position
reset - command 'new'
singleLine - command 'singleline (1)'
move - command 'move(6400, 0)'
halt - command 'halt()'
movel - command 'movel(0, 1)'
where - command 'where (1)'
datum - command 'datum (1)'
move - command 'move(0, 0)'
close - stubbing close motor controller
<init> - instanciating motor controller stub with 640 number of steps by carousel position
reset - command 'new'
singleLine - command 'singleline (1)'
movel - command 'movel(0, 1)'
where - command 'where (1)'
move - command 'move(3840, 0)'
halt - command 'halt()'
move - command 'move(3840, 0)'
movel - command 'movel(0, 1)'
where - command 'where (1)'
datum - command 'datum (1)'
move - command 'move(0, 0)'
close - stubbing close motor controller
<init> - instanciating motor controller stub with 640 number of steps by carousel position
reset - command 'new'
singleLine - command 'singleline (1)'
movel - command 'movel(0, 1)'
where - command 'where (1)'
move - command 'move(-3840, 0)'
halt - command 'halt()'
move - command 'move(-3840, 0)'
movel - command 'movel(0, 1)'
where - command 'where (1)'
datum - command 'datum (1)'
move - command 'move(0, 0)'
close - stubbing close motor controller
<init> - instanciating motor controller stub with 640 number of steps by carousel position
reset - command 'new'
singleLine - command 'singleline (1)'
move - command 'move(6400, 0)'
halt - command 'halt()'
move - command 'move(6400, 0)'
movel - command 'movel(0, 1)'
where - command 'where (1)'
datum - command 'datum (1)'
move - command 'move(0, 0)'
close - stubbing close motor controller
<init> - instanciating motor controller stub with 640 number of steps by carousel position
reset - command 'new'
singleLine - command 'singleline (1)'
movel - command 'movel(0, 1)'
where - command 'where (1)'
datum - command 'datum (1)'
move - command 'move(0, -13000)'
datum - command 'datum (1)'
movel - command 'movel(0, 1)'
halt - command 'halt()'
movel - command 'movel(0, 1)'
where - command 'where (1)'
move - command 'move(-3840, 13000)'
move - command 'move(8960, 13000)'
movel - command 'movel(0, 1)'
where - command 'where (1)'
datum - command 'datum (1)'
move - command 'move(0, 0)'
close - stubbing close motor controller
<init> - instanciating motor controller stub with 640 number of steps by carousel position
reset - command 'new'
singleLine - command 'singleline (1)'
movel - command 'movel(0, 1)'
where - command 'where (1)'
move - command 'move(3840, 0)'
halt - command 'halt()'
move - command 'move(3840, 0)'
movel - command 'movel(0, 1)'
where - command 'where (1)'
datum - command 'datum (1)'
move - command 'move(3840, -13000)'
datum - command 'datum (1)'
movel - command 'movel(0, 1)'
where - command 'where (1)'
datum - command 'datum (1)'
move - command 'move(3840, -13000)'
datum - command 'datum (1)'
movel - command 'movel(0, 1)'
halt - command 'halt()'
movel - command 'movel(0, 1)'
where - command 'where (1)'
datum - command 'datum (1)'
move - command 'move(0, 0)'
close - stubbing close motor controller
