display 'arm is moving'
display 'arm reached the position'
display 'reinitializing'
display 'reinitialization is done'
display 'closing the tool'
display 'arm is moving'
display 'arm reached the position'
display 'reinitializing'
display 'reinitialization is done'
display 'closing the tool'
display 'arm is moving'
display 'arm reached the position'
display 'reinitializing'
display 'reinitialization is done'
display 'closing the tool'
display 'arm is moving'
display 'arm reached the position'
display 'reinitializing'
display 'reinitialization is done'
display 'closing the tool'
display 'arm is moving'
display 'arm reached the position'
display 'reinitializing'
display 'reinitialization is done'
display 'closing the tool'
display 'arm is moving'
display 'waiting for cancellation'
display 'canceling'
display 'cancellation is done'
display 'reinitializing'
display 'reinitialization is done'
display 'closing the tool'
display 'arm is moving'
display 'waiting for cancellation'
display 'canceling'
display 'cancellation is done'
display 'reinitializing'
display 'reinitialization is done'
display 'closing the tool'
display 'arm is moving'
display 'waiting for cancellation'
display 'canceling'
display 'cancellation is done'
display 'reinitializing'
display 'reinitialization is done'
display 'closing the tool'
display 'arm is moving'
display 'waiting for cancellation'
display 'canceling'
display 'cancellation is done'
display 'reinitializing'
display 'reinitialization is done'
display 'closing the tool'
display 'arm is moving'
display 'waiting for cancellation'
display 'canceling'
display 'cancellation is done'
display 'reinitializing'
display 'reinitialization is done'
display 'closing the tool'
display 'arm is moving'
display 'waiting for pause'
display 'pausing'
display 'operations are paused'
display 'resuming'
display 'resuming done'
display 'arm reached the position'
display 'reinitializing'
display 'reinitialization is done'
display 'closing the tool'
display 'arm is moving'
display 'waiting for pause'
display 'pausing'
display 'operations are paused'
display 'resuming'
display 'resuming done'
display 'arm reached the position'
display 'reinitializing'
display 'reinitialization is done'
display 'closing the tool'
display 'arm is moving'
display 'waiting for pause'
display 'pausing'
display 'operations are paused'
display 'resuming'
display 'resuming done'
display 'arm reached the position'
display 'reinitializing'
display 'reinitialization is done'
display 'closing the tool'
display 'arm is moving'
display 'waiting for pause'
display 'pausing'
display 'operations are paused'
display 'resuming'
display 'resuming done'
display 'arm reached the position'
display 'reinitializing'
display 'reinitialization is done'
display 'closing the tool'
display 'arm is moving'
display 'waiting for pause'
display 'pausing'
display 'operations are paused'
display 'resuming'
display 'resuming done'
display 'arm reached the position'
display 'reinitializing'
display 'reinitialization is done'
display 'closing the tool'
display 'carousel is moving 6 positions'
display 'carousel reached the position'
display 'reinitializing'
display 'reinitialization is done'
display 'closing the tool'
display 'carousel is moving -6 positions'
display 'carousel reached the position'
display 'reinitializing'
display 'reinitialization is done'
display 'closing the tool'
display 'carousel is moving to position 10'
display 'carousel reached the position'
display 'reinitializing'
display 'reinitialization is done'
display 'closing the tool'
display 'carousel is moving 6 positions'
display 'waiting for cancellation'
display 'canceling'
display 'cancellation is done'
display 'reinitializing'
display 'reinitialization is done'
display 'closing the tool'
display 'carousel is moving -6 positions'
display 'waiting for cancellation'
display 'canceling'
display 'cancellation is done'
display 'reinitializing'
display 'reinitialization is done'
display 'closing the tool'
display 'carousel is moving to position 10'
display 'waiting for cancellation'
display 'canceling'
display 'cancellation is done'
display 'reinitializing'
display 'reinitialization is done'
display 'closing the tool'
display 'carousel is moving 6 positions'
display 'waiting for pause'
display 'pausing'
display 'operations are paused'
display 'resuming'
display 'resuming done'
display 'carousel reached the position'
display 'reinitializing'
display 'reinitialization is done'
display 'closing the tool'
display 'carousel is moving -6 positions'
display 'waiting for pause'
display 'pausing'
display 'operations are paused'
display 'resuming'
display 'resuming done'
display 'carousel reached the position'
display 'reinitializing'
display 'reinitialization is done'
display 'closing the tool'
display 'carousel is moving to position 10'
display 'waiting for pause'
display 'pausing'
display 'operations are paused'
display 'resuming'
display 'resuming done'
display 'carousel reached the position'
display 'reinitializing'
display 'reinitialization is done'
display 'closing the tool'
display 'arm is moving'
display 'arm reached the position'
display 'carousel is moving -6 positions'
display 'waiting for pause'
display 'pausing'
display 'operations are paused'
display 'resuming'
display 'resuming done'
display 'carousel reached the position'
display 'carousel is moving to position 14'
display 'carousel reached the position'
display 'reinitializing'
display 'reinitialization is done'
display 'closing the tool'
display 'carousel is moving 6 positions'
display 'waiting for pause'
display 'pausing'
display 'operations are paused'
display 'resuming'
display 'resuming done'
display 'carousel reached the position'
display 'arm is moving'
display 'arm reached the position'
display 'arm is moving'
display 'arm reached the position'
display 'arm is moving'
display 'waiting for cancellation'
display 'canceling'
display 'cancellation is done'
display 'reinitializing'
display 'reinitialization is done'
display 'closing the tool'
