ValvesToolTest::setUp - ******************** setup
Settings::<init> - opening conf/configuration.ini
Settings::<init> - opening conf/carousels/carrousel_sr_spec.crl
ParametresSession::getValves - instantiating the valves
ParametresSession::getValves - instantiating valves
Valves::<init> - initializing the valves
ValvesToolTest::scriptedTest1 - ******************** scripted test1
ValvesToolTest::scriptedTest1 - * open sequentially every valve *
ValvesToolControl::handleValve - openning valve 0
Valves::ouvrir - shutting all the valves
ValvesToolControl::handleValve - closing valve 0, openning valve 1
Valves::ouvrir - openning the H2O valve
ValvesToolControl::handleValve - closing valve 1, openning valve 2
Valves::ouvrir - openning the valve '2'
ValvesToolControl::handleValve - closing valve 2, openning valve 3
Valves::ouvrir - openning the valve '3'
ValvesToolControl::handleValve - closing valve 3, openning valve 4
Valves::ouvrir - openning the valve '4'
ValvesToolControl::handleValve - closing valve 4, openning valve 5
Valves::ouvrir - openning the valve '5'
ValvesToolControl::handleValve - closing valve 5, openning valve 6
Valves::ouvrir - openning the valve '6'
ValvesToolControl::handleValve - closing valve 6, openning valve 7
Valves::ouvrir - openning the withdrawing valve
ValvesToolTest::tearDown - ******************** teardown
ParametresSession::close - closing parameter session
AbstractCloseableToolControl$1::run - running the close operations
Valves::close - closing the valves
Valves::ouvrir - shutting all the valves
ValvesToolControl::closeOperations - closing all the valves
Valves::ouvrir - shutting all the valves
InitialState::close - set closed state
Valves::close - closing valves controller with paracom id 'stub'
ValvesToolTest::setUp - ******************** setup
Settings::<init> - opening conf/configuration.ini
Settings::<init> - opening conf/carousels/carrousel_sr_spec.crl
ParametresSession::getValves - instantiating the valves
ParametresSession::getValves - instantiating valves
Valves::<init> - initializing the valves
ValvesToolTest::scriptedTest2 - ******************** scripted test2
ValvesToolTest::scriptedTest2 - * open and shut sequentially every valve *
ValvesToolControl::handleValve - openning valve 1
Valves::ouvrir - openning the H2O valve
ValvesToolControl::handleValve - closing valve 1
Valves::ouvrir - shutting all the valves
ValvesToolControl::handleValve - openning valve 2
Valves::ouvrir - openning the valve '2'
ValvesToolControl::handleValve - closing valve 2
Valves::ouvrir - shutting all the valves
ValvesToolControl::handleValve - openning valve 3
Valves::ouvrir - openning the valve '3'
ValvesToolControl::handleValve - closing valve 3
Valves::ouvrir - shutting all the valves
ValvesToolControl::handleValve - openning valve 4
Valves::ouvrir - openning the valve '4'
ValvesToolControl::handleValve - closing valve 4
Valves::ouvrir - shutting all the valves
ValvesToolControl::handleValve - openning valve 5
Valves::ouvrir - openning the valve '5'
ValvesToolControl::handleValve - closing valve 5
Valves::ouvrir - shutting all the valves
ValvesToolControl::handleValve - openning valve 6
Valves::ouvrir - openning the valve '6'
ValvesToolControl::handleValve - closing valve 6
Valves::ouvrir - shutting all the valves
ValvesToolControl::handleValve - openning valve 7
Valves::ouvrir - openning the withdrawing valve
ValvesToolControl::handleValve - closing valve 7
Valves::ouvrir - shutting all the valves
ValvesToolTest::tearDown - ******************** teardown
ParametresSession::close - closing parameter session
AbstractCloseableToolControl$1::run - running the close operations
Valves::close - closing the valves
Valves::ouvrir - shutting all the valves
ValvesToolControl::closeOperations - closing all the valves
Valves::ouvrir - shutting all the valves
Valves::close - closing valves controller with paracom id 'stub'
InitialState::close - set closed state
