[informationsProtocole]
nomProtocole=U-Th
auteur=Jonathan PRUNIER
date=23/04/2010
cheminFichierColonne=./conf/colonnes/biorad 2 ml.cln
commentaires=Extraction de l'Uranium et du Th de la matrice (temps d'attente a definir plus exactement). Il n'y a pas les lavages de la resine qui sont effectues dans ce protocole. A voir si on les ajoute ou non

[1]
acide=HNO3 0,25N
numeroEv=2
volume=3
temps=1500
pause?=0

[2]
acide=HNO3 0,25N
numeroEv=2
volume=3
temps=1500
pause?=0

[3]
acide=HNO3 7,5N
numeroEv=5
volume=2
temps=1020
pause?=0

[4]
acide=HNO3 7,5N
numeroEv=5
volume=2
temps=1020
pause?=1

[5]
acide=HNO3 7,5N
numeroEv=5
volume=0.7
temps=360
pause?=0

[6]
acide=HNO3 7,5N
numeroEv=5
volume=0.7
temps=360
pause?=0

[7]
acide=HNO3 7,5N
numeroEv=5
volume=0.7
temps=360
pause?=0

[8]
acide=HNO3 7,5N
numeroEv=5
volume=0.7
temps=360
pause?=1

[9]
acide=H2O MQ
numeroEv=1
volume=0.5
temps=300
pause?=0

[10]
acide=H2O MQ
numeroEv=1
volume=0.5
temps=300
pause?=0

[11]
acide=HCl 0,5N
numeroEv=4
volume=0.5
temps=300
pause?=0

[12]
acide=HCl 0,5N
numeroEv=4
volume=0.5
temps=300
pause?=0

[13]
acide=HCl 0,5N
numeroEv=4
volume=5
temps=2520
pause?=0

[14]
acide=HCl 6N
numeroEv=3
volume=0.5
temps=300
pause?=0

[15]
acide=HCl 6N
numeroEv=3
volume=0.5
temps=300
pause?=0

[16]
acide=HCl 6N
numeroEv=3
volume=5
temps=2520
pause?=1

