<init> - instanciating paracom stub
<init> - instanciating pump controller stub
dia - command 'dia 14.25'
send - send order '[0]'
<init> - instanciating motor controller stub with 640 number of steps by carousel position
reset - command 'new'
singleLine - command 'singleline (1)'
enablePauseControl - pause control set to false
enableResumeControl - resume control set to false
enableStartControl - start control set to true
enableCancelControl - cancel control set to false
enableReinitControl - reinit control set to false
enableCloseControl - close control set to true
enableCarouselControl - carousel control set to false
enablePauseControl - pause control set to true
enableResumeControl - resume control set to false
enableStartControl - start control set to false
enableCancelControl - cancel control set to true
enableReinitControl - reinit control set to false
enableCloseControl - close control set to false
enableCarouselControl - carousel control set to false
movel - command 'movel(0, 1)'
where - command 'where (1)'
datum - command 'datum (1)'
move - command 'move(0, -13000)'
ratew - command 'ratew 10 ml/m'
ratei - command 'ratei 10 ml/m'
send - send order '[1]'
modeW - command 'mode w'
volw - command 'volw 5500 ul'
run - command 'run'
send - send order '[0]'
send - send order '[64]'
modeI - command 'mode i'
voli - command 'voli 5500 ul'
run - command 'run'
send - send order '[0]'
enablePauseControl - pause control set to false
enableResumeControl - resume control set to false
enableStartControl - start control set to true
enableCancelControl - cancel control set to false
enableReinitControl - reinit control set to true
enableCloseControl - close control set to true
enableCarouselControl - carousel control set to false
enablePauseControl - pause control set to false
enableResumeControl - resume control set to false
enableStartControl - start control set to false
enableCancelControl - cancel control set to false
enableReinitControl - reinit control set to false
movel - command 'movel(0, 1)'
enableCloseControl - close control set to false
enableCarouselControl - carousel control set to false
enablePauseControl - pause control set to false
enableResumeControl - resume control set to false
enableStartControl - start control set to false
enableCancelControl - cancel control set to false
enableReinitControl - reinit control set to false
enableCloseControl - close control set to false
enableCarouselControl - carousel control set to false
where - command 'where (1)'
datum - command 'datum (1)'
move - command 'move(0, 0)'
enablePauseControl - pause control set to false
enableResumeControl - resume control set to false
enableStartControl - start control set to true
enableCancelControl - cancel control set to false
enableReinitControl - reinit control set to false
enableCloseControl - close control set to true
enableCarouselControl - carousel control set to false
enablePauseControl - pause control set to false
enableResumeControl - resume control set to false
close - stubbing close pump controller
enableStartControl - start control set to false
close - stubbing close motor controller
enableCancelControl - cancel control set to false
enableReinitControl - reinit control set to false
enableCloseControl - close control set to false
enableCarouselControl - carousel control set to false
send - send order '[0]'
lambda$0 - dispose
close - stubbing close paracom
<init> - instanciating paracom stub
<init> - instanciating pump controller stub
dia - command 'dia 14.25'
send - send order '[0]'
<init> - instanciating motor controller stub with 640 number of steps by carousel position
reset - command 'new'
singleLine - command 'singleline (1)'
enablePauseControl - pause control set to false
enableResumeControl - resume control set to false
enableStartControl - start control set to true
enableCancelControl - cancel control set to false
enableReinitControl - reinit control set to false
enableCloseControl - close control set to true
enableCarouselControl - carousel control set to false
enablePauseControl - pause control set to true
enableResumeControl - resume control set to false
enableStartControl - start control set to false
enableCancelControl - cancel control set to true
enableReinitControl - reinit control set to false
enableCloseControl - close control set to false
enableCarouselControl - carousel control set to false
movel - command 'movel(0, 1)'
where - command 'where (1)'
datum - command 'datum (1)'
move - command 'move(0, -13000)'
ratew - command 'ratew 10 ml/m'
ratei - command 'ratei 10 ml/m'
send - send order '[1]'
modeW - command 'mode w'
volw - command 'volw 5500 ul'
run - command 'run'
send - send order '[0]'
send - send order '[64]'
modeI - command 'mode i'
voli - command 'voli 5500 ul'
run - command 'run'
send - send order '[0]'
send - send order '[2]'
modeW - command 'mode w'
volw - command 'volw 5500 ul'
run - command 'run'
send - send order '[0]'
send - send order '[64]'
modeI - command 'mode i'
voli - command 'voli 5500 ul'
run - command 'run'
send - send order '[0]'
send - send order '[4]'
modeW - command 'mode w'
volw - command 'volw 5500 ul'
run - command 'run'
send - send order '[0]'
send - send order '[64]'
modeI - command 'mode i'
voli - command 'voli 5500 ul'
run - command 'run'
send - send order '[0]'
enablePauseControl - pause control set to false
enableResumeControl - resume control set to false
enableStartControl - start control set to true
enableCancelControl - cancel control set to false
enableReinitControl - reinit control set to true
enableCloseControl - close control set to true
enableCarouselControl - carousel control set to false
enablePauseControl - pause control set to false
enableResumeControl - resume control set to false
enableStartControl - start control set to false
enableCancelControl - cancel control set to false
enableReinitControl - reinit control set to false
enableCloseControl - close control set to false
movel - command 'movel(0, 1)'
enableCarouselControl - carousel control set to false
enablePauseControl - pause control set to false
enableResumeControl - resume control set to false
enableStartControl - start control set to false
enableCancelControl - cancel control set to false
enableReinitControl - reinit control set to false
enableCloseControl - close control set to false
enableCarouselControl - carousel control set to false
where - command 'where (1)'
datum - command 'datum (1)'
move - command 'move(0, 0)'
enablePauseControl - pause control set to false
enableResumeControl - resume control set to false
enableStartControl - start control set to true
enableCancelControl - cancel control set to false
enableReinitControl - reinit control set to false
enableCloseControl - close control set to true
enableCarouselControl - carousel control set to false
enablePauseControl - pause control set to false
enableResumeControl - resume control set to false
close - stubbing close pump controller
enableStartControl - start control set to false
close - stubbing close motor controller
enableCancelControl - cancel control set to false
enableReinitControl - reinit control set to false
enableCloseControl - close control set to false
enableCarouselControl - carousel control set to false
send - send order '[0]'
lambda$0 - dispose
close - stubbing close paracom
<init> - instanciating paracom stub
<init> - instanciating pump controller stub
dia - command 'dia 14.25'
send - send order '[0]'
<init> - instanciating motor controller stub with 640 number of steps by carousel position
reset - command 'new'
singleLine - command 'singleline (1)'
enablePauseControl - pause control set to false
enableResumeControl - resume control set to false
enableStartControl - start control set to true
enableCancelControl - cancel control set to false
enableReinitControl - reinit control set to false
enableCloseControl - close control set to true
enableCarouselControl - carousel control set to false
enablePauseControl - pause control set to true
enableResumeControl - resume control set to false
enableStartControl - start control set to false
enableCancelControl - cancel control set to true
enableReinitControl - reinit control set to false
enableCloseControl - close control set to false
enableCarouselControl - carousel control set to false
movel - command 'movel(0, 1)'
where - command 'where (1)'
datum - command 'datum (1)'
move - command 'move(0, -13000)'
ratew - command 'ratew 10 ml/m'
ratei - command 'ratei 10 ml/m'
send - send order '[1]'
modeW - command 'mode w'
volw - command 'volw 5500 ul'
run - command 'run'
send - send order '[0]'
enablePauseControl - pause control set to false
enableResumeControl - resume control set to false
enableStartControl - start control set to false
send - send order '[64]'
enableCancelControl - cancel control set to false
enableReinitControl - reinit control set to false
enableCloseControl - close control set to false
enableCarouselControl - carousel control set to false
modeI - command 'mode i'
voli - command 'voli 5500 ul'
run - command 'run'
send - send order '[0]'
movel - command 'movel(0, 1)'
where - command 'where (1)'
datum - command 'datum (1)'
move - command 'move(0, 0)'
enablePauseControl - pause control set to false
enableResumeControl - resume control set to false
enableStartControl - start control set to true
enableCancelControl - cancel control set to false
enableReinitControl - reinit control set to false
enableCloseControl - close control set to true
enableCarouselControl - carousel control set to false
enablePauseControl - pause control set to false
enableResumeControl - resume control set to false
enableStartControl - start control set to false
enableCancelControl - cancel control set to false
enableReinitControl - reinit control set to false
enableCloseControl - close control set to false
enableCarouselControl - carousel control set to false
lambda$0 - dispose
close - stubbing close pump controller
close - stubbing close motor controller
send - send order '[0]'
close - stubbing close paracom
<init> - instanciating paracom stub
<init> - instanciating pump controller stub
dia - command 'dia 14.25'
send - send order '[0]'
<init> - instanciating motor controller stub with 640 number of steps by carousel position
reset - command 'new'
singleLine - command 'singleline (1)'
enablePauseControl - pause control set to false
enableResumeControl - resume control set to false
enableStartControl - start control set to true
enableCancelControl - cancel control set to false
enableReinitControl - reinit control set to false
enableCloseControl - close control set to true
enableCarouselControl - carousel control set to false
enablePauseControl - pause control set to true
enableResumeControl - resume control set to false
enableStartControl - start control set to false
enableCancelControl - cancel control set to true
enableReinitControl - reinit control set to false
enableCloseControl - close control set to false
enableCarouselControl - carousel control set to false
movel - command 'movel(0, 1)'
where - command 'where (1)'
datum - command 'datum (1)'
move - command 'move(0, -13000)'
ratew - command 'ratew 10 ml/m'
ratei - command 'ratei 10 ml/m'
send - send order '[1]'
modeW - command 'mode w'
volw - command 'volw 5500 ul'
run - command 'run'
send - send order '[0]'
send - send order '[64]'
modeI - command 'mode i'
voli - command 'voli 5500 ul'
run - command 'run'
enablePauseControl - pause control set to false
enableResumeControl - resume control set to false
enableStartControl - start control set to false
enableCancelControl - cancel control set to false
enableReinitControl - reinit control set to false
enableCloseControl - close control set to false
enableCarouselControl - carousel control set to false
send - send order '[0]'
enablePauseControl - pause control set to false
enableResumeControl - resume control set to true
enableStartControl - start control set to false
enableCancelControl - cancel control set to false
enableReinitControl - reinit control set to false
enableCloseControl - close control set to false
enableCarouselControl - carousel control set to true
enablePauseControl - pause control set to false
enableResumeControl - resume control set to false
enableStartControl - start control set to false
enableCancelControl - cancel control set to false
enableReinitControl - reinit control set to false
enableCloseControl - close control set to false
enableCarouselControl - carousel control set to false
move - command 'move(0, -13000)'
enablePauseControl - pause control set to true
enableResumeControl - resume control set to false
enableStartControl - start control set to false
enableCancelControl - cancel control set to true
enableReinitControl - reinit control set to false
enableCloseControl - close control set to false
enableCarouselControl - carousel control set to false
enablePauseControl - pause control set to false
enableResumeControl - resume control set to false
enableStartControl - start control set to true
enableCancelControl - cancel control set to false
enableReinitControl - reinit control set to true
enableCloseControl - close control set to true
enableCarouselControl - carousel control set to false
enablePauseControl - pause control set to false
enableResumeControl - resume control set to false
enableStartControl - start control set to false
enableCancelControl - cancel control set to false
enableReinitControl - reinit control set to false
enableCloseControl - close control set to false
enableCarouselControl - carousel control set to false
enablePauseControl - pause control set to false
enableResumeControl - resume control set to false
movel - command 'movel(0, 1)'
enableStartControl - start control set to false
enableCancelControl - cancel control set to false
enableReinitControl - reinit control set to false
enableCloseControl - close control set to false
enableCarouselControl - carousel control set to false
where - command 'where (1)'
datum - command 'datum (1)'
move - command 'move(0, 0)'
enablePauseControl - pause control set to false
enableResumeControl - resume control set to false
enableStartControl - start control set to true
enableCancelControl - cancel control set to false
enableReinitControl - reinit control set to false
enableCloseControl - close control set to true
enableCarouselControl - carousel control set to false
enablePauseControl - pause control set to false
close - stubbing close pump controller
enableResumeControl - resume control set to false
enableStartControl - start control set to false
close - stubbing close motor controller
enableCancelControl - cancel control set to false
enableReinitControl - reinit control set to false
enableCloseControl - close control set to false
enableCarouselControl - carousel control set to false
send - send order '[0]'
lambda$0 - dispose
close - stubbing close paracom
<init> - instanciating paracom stub
<init> - instanciating pump controller stub
dia - command 'dia 14.25'
send - send order '[0]'
<init> - instanciating motor controller stub with 640 number of steps by carousel position
reset - command 'new'
singleLine - command 'singleline (1)'
enablePauseControl - pause control set to false
enableResumeControl - resume control set to false
enableStartControl - start control set to true
enableCancelControl - cancel control set to false
enableReinitControl - reinit control set to false
enableCloseControl - close control set to true
enableCarouselControl - carousel control set to false
enablePauseControl - pause control set to true
enableResumeControl - resume control set to false
enableStartControl - start control set to false
enableCancelControl - cancel control set to true
enableReinitControl - reinit control set to false
enableCloseControl - close control set to false
enableCarouselControl - carousel control set to false
movel - command 'movel(0, 1)'
where - command 'where (1)'
datum - command 'datum (1)'
move - command 'move(0, -13000)'
ratew - command 'ratew 10 ml/m'
ratei - command 'ratei 10 ml/m'
enablePauseControl - pause control set to false
enableResumeControl - resume control set to false
enableStartControl - start control set to false
enableCancelControl - cancel control set to false
send - send order '[1]'
enableReinitControl - reinit control set to false
enableCloseControl - close control set to false
enableCarouselControl - carousel control set to false
modeW - command 'mode w'
volw - command 'volw 5500 ul'
run - command 'run'
send - send order '[0]'
movel - command 'movel(0, 1)'
where - command 'where (1)'
datum - command 'datum (1)'
move - command 'move(0, 0)'
movel - command 'movel(0, 1)'
where - command 'where (1)'
datum - command 'datum (1)'
move - command 'move(0, -13000)'
send - send order '[64]'
modeI - command 'mode i'
voli - command 'voli 5500 ul'
run - command 'run'
send - send order '[0]'
movel - command 'movel(0, 1)'
where - command 'where (1)'
datum - command 'datum (1)'
enablePauseControl - pause control set to false
enableResumeControl - resume control set to false
enableStartControl - start control set to true
enableCancelControl - cancel control set to false
enableReinitControl - reinit control set to false
enableCloseControl - close control set to true
enableCarouselControl - carousel control set to false
enablePauseControl - pause control set to false
enableResumeControl - resume control set to false
enableStartControl - start control set to false
enableCancelControl - cancel control set to false
enableReinitControl - reinit control set to false
enableCloseControl - close control set to false
enableCarouselControl - carousel control set to false
lambda$0 - dispose
close - stubbing close pump controller
close - stubbing close motor controller
send - send order '[0]'
close - stubbing close paracom
<init> - instanciating paracom stub
<init> - instanciating pump controller stub
dia - command 'dia 14.25'
send - send order '[0]'
<init> - instanciating motor controller stub with 640 number of steps by carousel position
reset - command 'new'
singleLine - command 'singleline (1)'
enablePauseControl - pause control set to false
enableResumeControl - resume control set to false
enableStartControl - start control set to true
enableCancelControl - cancel control set to false
enableReinitControl - reinit control set to false
enableCloseControl - close control set to true
enableCarouselControl - carousel control set to false
enablePauseControl - pause control set to true
enableResumeControl - resume control set to false
enableStartControl - start control set to false
enableCancelControl - cancel control set to true
enableReinitControl - reinit control set to false
enableCloseControl - close control set to false
movel - command 'movel(0, 1)'
enableCarouselControl - carousel control set to false
where - command 'where (1)'
datum - command 'datum (1)'
move - command 'move(0, -13000)'
ratew - command 'ratew 10 ml/m'
ratei - command 'ratei 10 ml/m'
send - send order '[1]'
modeW - command 'mode w'
volw - command 'volw 5500 ul'
run - command 'run'
enablePauseControl - pause control set to false
enableResumeControl - resume control set to false
enableStartControl - start control set to false
enableCancelControl - cancel control set to false
enableReinitControl - reinit control set to false
enableCloseControl - close control set to false
enableCarouselControl - carousel control set to false
send - send order '[0]'
enablePauseControl - pause control set to false
enableResumeControl - resume control set to true
enableStartControl - start control set to false
enableCancelControl - cancel control set to false
enableReinitControl - reinit control set to false
enableCloseControl - close control set to false
enableCarouselControl - carousel control set to true
enablePauseControl - pause control set to false
enableResumeControl - resume control set to false
enableStartControl - start control set to false
enableCancelControl - cancel control set to false
enableReinitControl - reinit control set to false
enableCloseControl - close control set to false
enableCarouselControl - carousel control set to false
move - command 'move(0, -13000)'
enablePauseControl - pause control set to true
enableResumeControl - resume control set to false
enableStartControl - start control set to false
send - send order '[64]'
enableCancelControl - cancel control set to true
enableReinitControl - reinit control set to false
enableCloseControl - close control set to false
enableCarouselControl - carousel control set to false
modeI - command 'mode i'
voli - command 'voli 5500 ul'
run - command 'run'
send - send order '[0]'
enablePauseControl - pause control set to false
enableResumeControl - resume control set to false
enableStartControl - start control set to true
enableCancelControl - cancel control set to false
enableReinitControl - reinit control set to true
enableCloseControl - close control set to true
enableCarouselControl - carousel control set to false
enablePauseControl - pause control set to false
enableResumeControl - resume control set to false
enableStartControl - start control set to false
enableCancelControl - cancel control set to false
enableReinitControl - reinit control set to false
enableCloseControl - close control set to false
enableCarouselControl - carousel control set to false
enablePauseControl - pause control set to false
movel - command 'movel(0, 1)'
enableResumeControl - resume control set to false
enableStartControl - start control set to false
enableCancelControl - cancel control set to false
enableReinitControl - reinit control set to false
enableCloseControl - close control set to false
enableCarouselControl - carousel control set to false
where - command 'where (1)'
datum - command 'datum (1)'
move - command 'move(0, 0)'
enablePauseControl - pause control set to false
enableResumeControl - resume control set to false
enableStartControl - start control set to true
enableCancelControl - cancel control set to false
enableReinitControl - reinit control set to false
enableCloseControl - close control set to true
enableCarouselControl - carousel control set to false
enablePauseControl - pause control set to false
close - stubbing close pump controller
enableResumeControl - resume control set to false
enableStartControl - start control set to false
close - stubbing close motor controller
enableCancelControl - cancel control set to false
enableReinitControl - reinit control set to false
enableCloseControl - close control set to false
send - send order '[0]'
enableCarouselControl - carousel control set to false
lambda$0 - dispose
close - stubbing close paracom
