display 'arm is moving'
display 'arm reached the position'
display 'set maximum pump rate'
display 'begin to clean line 1'
display 'pump is withdrawing 5 mL'
display 'pump is infusing 5 mL'
display 'line 1 is clean'
display 'end'
display 'reinitializing'
display 'reinitialization is done'
display 'closing the tool'
display 'arm is moving'
display 'arm reached the position'
display 'set maximum pump rate'
display 'begin to clean line 1'
display 'pump is withdrawing 5 mL'
display 'pump is infusing 5 mL'
display 'line 1 is clean'
display 'begin to clean line 2'
display 'pump is withdrawing 5 mL'
display 'pump is infusing 5 mL'
display 'line 2 is clean'
display 'begin to clean line 3'
display 'pump is withdrawing 5 mL'
display 'pump is infusing 5 mL'
display 'line 3 is clean'
display 'end'
display 'reinitializing'
display 'reinitialization is done'
display 'closing the tool'
display 'arm is moving'
display 'arm reached the position'
display 'set maximum pump rate'
display 'begin to clean line 1'
display 'pump is withdrawing 5 mL'
display 'pump is infusing 5 mL'
display 'waiting for cancellation'
display 'canceling'
display 'cancellation is done'
display 'reinitializing'
display 'reinitialization is done'
display 'closing the tool'
display 'arm is moving'
display 'arm reached the position'
display 'set maximum pump rate'
display 'begin to clean line 1'
display 'pump is withdrawing 5 mL'
display 'pump is infusing 5 mL'
display 'waiting for pause'
display 'pausing'
display 'operations are paused'
display 'resuming'
display 'resuming done'
display 'line 1 is clean'
display 'end'
display 'reinitializing'
display 'reinitialization is done'
display 'closing the tool'
display 'arm is moving'
display 'arm reached the position'
display 'set maximum pump rate'
display 'begin to clean line 1'
display 'pump is withdrawing 5 mL'
display 'waiting for cancellation'
display 'canceling'
display 'cancellation is done'
display 'reinitializing'
display 'reinitialization is done'
display 'closing the tool'
display 'arm is moving'
display 'arm reached the position'
display 'set maximum pump rate'
display 'begin to clean line 1'
display 'pump is withdrawing 5 mL'
display 'waiting for pause'
display 'pausing'
display 'operations are paused'
display 'resuming'
display 'resuming done'
display 'pump is infusing 5 mL'
display 'line 1 is clean'
display 'end'
display 'reinitializing'
display 'reinitialization is done'
display 'closing the tool'
