[informationsProtocole]
nomProtocole=Sr - SPEC
auteur=Sébastien GARDOLL
date=19/09/2012
cheminFichierColonne=conf/columns/nouvelle colonne.cln
commentaires=Protocole d'extraction du Sr par la résine Sr-SPEC ( Eichrom ). Attentes non optimisées : elles correspondent  aux attentes des colonnes entonnoirs.

[1]
acide=HCl 6N
numeroEv=3
volume=1
temps=900
pause?=0

[2]
acide=HNO3 0,05N
numeroEv=2
volume=2
temps=1800
pause?=0

[3]
acide=HNO3 0,05N
numeroEv=2
volume=2
temps=1800
pause?=0

[4]
acide=HNO3 2N
numeroEv=4
volume=0.5
temps=480
pause?=0

[5]
acide=HNO3 2N
numeroEv=4
volume=0.5
temps=540
pause?=1

[6]
acide=HNO3 2N
numeroEv=4
volume=0.2
temps=360
pause?=0

[7]
acide=HNO3 2N
numeroEv=4
volume=0.2
temps=360
pause?=0

[8]
acide=HNO3 7N
numeroEv=5
volume=0.25
temps=380
pause?=0

[9]
acide=HNO3 7N
numeroEv=5
volume=0.25
temps=380
pause?=0

[10]
acide=HNO3 7N
numeroEv=5
volume=1
temps=960
pause?=0

[11]
acide=HNO3 2N
numeroEv=4
volume=0.1
temps=240
pause?=0

[12]
acide=HNO3 2N
numeroEv=4
volume=0.1
temps=240
pause?=0

[13]
acide=HNO3 2N
numeroEv=4
volume=0.1
temps=240
pause?=1

[14]
acide=HNO3 0,05N
numeroEv=2
volume=0.25
temps=360
pause?=0

[15]
acide=HNO3 0,05N
numeroEv=2
volume=0.25
temps=360
pause?=0

[16]
acide=HNO3 0,05N
numeroEv=2
volume=0.5
temps=480
pause?=0

